[     201ms] [LOG] [Fast Refresh] rebuilding @ http://localhost:3000/_next/static/chunks/09xr_next_dist_0l6pyu~._.js:2431
[     345ms] [LOG] [Fast Refresh] done in 248ms @ http://localhost:3000/_next/static/chunks/09xr_next_dist_0l6pyu~._.js:2431
[    7715ms] [LOG] [Fast Refresh] rebuilding @ http://localhost:3000/_next/static/chunks/09xr_next_dist_0l6pyu~._.js:2431
[    8089ms] [LOG] [Fast Refresh] done in 478ms @ http://localhost:3000/_next/static/chunks/09xr_next_dist_0l6pyu~._.js:2431
[   51924ms] [LOG] [Fast Refresh] rebuilding @ http://localhost:3000/_next/static/chunks/09xr_next_dist_0l6pyu~._.js:2431
[   52844ms] [LOG] [Fast Refresh] done in 133ms @ http://localhost:3000/_next/static/chunks/09xr_next_dist_0l6pyu~._.js:2431
[   53008ms] [LOG] [Fast Refresh] rebuilding @ http://localhost:3000/_next/static/chunks/09xr_next_dist_0l6pyu~._.js:2431
[   53167ms] [LOG] [Fast Refresh] done in 264ms @ http://localhost:3000/_next/static/chunks/09xr_next_dist_0l6pyu~._.js:2431
[   59450ms] [LOG] [Fast Refresh] rebuilding @ http://localhost:3000/_next/static/chunks/09xr_next_dist_0l6pyu~._.js:2431
[   60063ms] [LOG] [Fast Refresh] done in 720ms @ http://localhost:3000/_next/static/chunks/09xr_next_dist_0l6pyu~._.js:2431
[  128762ms] [LOG] [Fast Refresh] rebuilding @ http://localhost:3000/_next/static/chunks/09xr_next_dist_0l6pyu~._.js:2431
[  129513ms] [LOG] [Fast Refresh] done in 853ms @ http://localhost:3000/_next/static/chunks/09xr_next_dist_0l6pyu~._.js:2431
[  176290ms] [LOG] [Fast Refresh] rebuilding @ http://localhost:3000/_next/static/chunks/09xr_next_dist_0l6pyu~._.js:2431
[  176779ms] [LOG] [Fast Refresh] done in 597ms @ http://localhost:3000/_next/static/chunks/09xr_next_dist_0l6pyu~._.js:2431
[  179503ms] [LOG] [Fast Refresh] rebuilding @ http://localhost:3000/_next/static/chunks/09xr_next_dist_0l6pyu~._.js:2431
[  179902ms] [LOG] [Fast Refresh] done in 504ms @ http://localhost:3000/_next/static/chunks/09xr_next_dist_0l6pyu~._.js:2431
[  203207ms] [LOG] [Fast Refresh] rebuilding @ http://localhost:3000/_next/static/chunks/09xr_next_dist_0l6pyu~._.js:2431
[  203749ms] [LOG] [Fast Refresh] done in 653ms @ http://localhost:3000/_next/static/chunks/09xr_next_dist_0l6pyu~._.js:2431
[  226849ms] [LOG] [Fast Refresh] rebuilding @ http://localhost:3000/_next/static/chunks/09xr_next_dist_0l6pyu~._.js:2431
[  228534ms] [LOG] [Fast Refresh] done in 811ms @ http://localhost:3000/_next/static/chunks/09xr_next_dist_0l6pyu~._.js:2431
[  234599ms] [LOG] [Fast Refresh] rebuilding @ http://localhost:3000/_next/static/chunks/09xr_next_dist_0l6pyu~._.js:2431
[  234736ms] [LOG] [Fast Refresh] done in 219ms @ http://localhost:3000/_next/static/chunks/09xr_next_dist_0l6pyu~._.js:2431
[  234865ms] [LOG] [Fast Refresh] rebuilding @ http://localhost:3000/_next/static/chunks/09xr_next_dist_0l6pyu~._.js:2431
[  235624ms] [LOG] [Fast Refresh] done in 863ms @ http://localhost:3000/_next/static/chunks/09xr_next_dist_0l6pyu~._.js:2431
[  235731ms] [LOG] [Fast Refresh] rebuilding @ http://localhost:3000/_next/static/chunks/09xr_next_dist_0l6pyu~._.js:2431
[  235858ms] [LOG] [Fast Refresh] done in 228ms @ http://localhost:3000/_next/static/chunks/09xr_next_dist_0l6pyu~._.js:2431
