[     346ms] [LOG] [Fast Refresh] rebuilding @ http://localhost:3000/_next/static/chunks/09xr_next_dist_0l6pyu~._.js:2431
[     455ms] [LOG] [Fast Refresh] done in 216ms @ http://localhost:3000/_next/static/chunks/09xr_next_dist_0l6pyu~._.js:2431
[    7029ms] [LOG] [Fast Refresh] rebuilding @ http://localhost:3000/_next/static/chunks/09xr_next_dist_0l6pyu~._.js:2431
[    7896ms] [LOG] [Fast Refresh] done in 979ms @ http://localhost:3000/_next/static/chunks/09xr_next_dist_0l6pyu~._.js:2431
[   10619ms] [LOG] [Fast Refresh] rebuilding @ http://localhost:3000/_next/static/chunks/09xr_next_dist_0l6pyu~._.js:2431
[   11765ms] [LOG] [Fast Refresh] done in 1252ms @ http://localhost:3000/_next/static/chunks/09xr_next_dist_0l6pyu~._.js:2431
[  107648ms] [LOG] [Fast Refresh] rebuilding @ http://localhost:3000/_next/static/chunks/09xr_next_dist_0l6pyu~._.js:2431
[  108066ms] [LOG] [Fast Refresh] done in 425ms @ http://localhost:3000/_next/static/chunks/09xr_next_dist_0l6pyu~._.js:2431
[  121291ms] [LOG] [Fast Refresh] rebuilding @ http://localhost:3000/_next/static/chunks/09xr_next_dist_0l6pyu~._.js:2431
[  122806ms] [LOG] [Fast Refresh] done in 1617ms @ http://localhost:3000/_next/static/chunks/09xr_next_dist_0l6pyu~._.js:2431
[  126131ms] [LOG] [Fast Refresh] rebuilding @ http://localhost:3000/_next/static/chunks/09xr_next_dist_0l6pyu~._.js:2431
[  126711ms] [LOG] [Fast Refresh] done in 685ms @ http://localhost:3000/_next/static/chunks/09xr_next_dist_0l6pyu~._.js:2431
[  139339ms] [LOG] [Fast Refresh] rebuilding @ http://localhost:3000/_next/static/chunks/09xr_next_dist_0l6pyu~._.js:2431
[  139898ms] [LOG] [Fast Refresh] done in 663ms @ http://localhost:3000/_next/static/chunks/09xr_next_dist_0l6pyu~._.js:2431
[  160320ms] [LOG] [Fast Refresh] rebuilding @ http://localhost:3000/_next/static/chunks/09xr_next_dist_0l6pyu~._.js:2431
[  160565ms] [LOG] [Fast Refresh] done in 284ms @ http://localhost:3000/_next/static/chunks/09xr_next_dist_0l6pyu~._.js:2431
[  161504ms] [LOG] [Fast Refresh] rebuilding @ http://localhost:3000/_next/static/chunks/09xr_next_dist_0l6pyu~._.js:2431
[  162777ms] [LOG] [Fast Refresh] done in 1385ms @ http://localhost:3000/_next/static/chunks/09xr_next_dist_0l6pyu~._.js:2431
[  220252ms] [LOG] [Fast Refresh] rebuilding @ http://localhost:3000/_next/static/chunks/09xr_next_dist_0l6pyu~._.js:2431
[  221537ms] [LOG] [Fast Refresh] done in 598ms @ http://localhost:3000/_next/static/chunks/09xr_next_dist_0l6pyu~._.js:2431
[  221640ms] [LOG] [Fast Refresh] rebuilding @ http://localhost:3000/_next/static/chunks/09xr_next_dist_0l6pyu~._.js:2431
[  222029ms] [LOG] [Fast Refresh] done in 492ms @ http://localhost:3000/_next/static/chunks/09xr_next_dist_0l6pyu~._.js:2431
[  222181ms] [LOG] [Fast Refresh] rebuilding @ http://localhost:3000/_next/static/chunks/09xr_next_dist_0l6pyu~._.js:2431
[  224334ms] [LOG] [Fast Refresh] done in 2255ms @ http://localhost:3000/_next/static/chunks/09xr_next_dist_0l6pyu~._.js:2431
[  224793ms] [LOG] [Fast Refresh] rebuilding @ http://localhost:3000/_next/static/chunks/09xr_next_dist_0l6pyu~._.js:2431
[  225433ms] [LOG] [Fast Refresh] done in 752ms @ http://localhost:3000/_next/static/chunks/09xr_next_dist_0l6pyu~._.js:2431
[  226534ms] [LOG] [Fast Refresh] rebuilding @ http://localhost:3000/_next/static/chunks/09xr_next_dist_0l6pyu~._.js:2431
[  226713ms] [LOG] [Fast Refresh] done in 288ms @ http://localhost:3000/_next/static/chunks/09xr_next_dist_0l6pyu~._.js:2431
[  226871ms] [LOG] [Fast Refresh] rebuilding @ http://localhost:3000/_next/static/chunks/09xr_next_dist_0l6pyu~._.js:2431
[  227031ms] [LOG] [Fast Refresh] done in 263ms @ http://localhost:3000/_next/static/chunks/09xr_next_dist_0l6pyu~._.js:2431
[  227136ms] [LOG] [Fast Refresh] rebuilding @ http://localhost:3000/_next/static/chunks/09xr_next_dist_0l6pyu~._.js:2431
[  227272ms] [LOG] [Fast Refresh] done in 238ms @ http://localhost:3000/_next/static/chunks/09xr_next_dist_0l6pyu~._.js:2431
[  227554ms] [LOG] [Fast Refresh] rebuilding @ http://localhost:3000/_next/static/chunks/09xr_next_dist_0l6pyu~._.js:2431
[  228244ms] [LOG] [Fast Refresh] done in 792ms @ http://localhost:3000/_next/static/chunks/09xr_next_dist_0l6pyu~._.js:2431
[  229145ms] [LOG] [Fast Refresh] rebuilding @ http://localhost:3000/_next/static/chunks/09xr_next_dist_0l6pyu~._.js:2431
[  229281ms] [LOG] [Fast Refresh] done in 241ms @ http://localhost:3000/_next/static/chunks/09xr_next_dist_0l6pyu~._.js:2431
[  232886ms] [LOG] [Fast Refresh] rebuilding @ http://localhost:3000/_next/static/chunks/09xr_next_dist_0l6pyu~._.js:2431
[  233907ms] [LOG] [Fast Refresh] done in 1134ms @ http://localhost:3000/_next/static/chunks/09xr_next_dist_0l6pyu~._.js:2431
[  741001ms] [LOG] [Fast Refresh] rebuilding @ http://localhost:3000/_next/static/chunks/09xr_next_dist_0l6pyu~._.js:2431
[  741244ms] [LOG] [Fast Refresh] done in 322ms @ http://localhost:3000/_next/static/chunks/09xr_next_dist_0l6pyu~._.js:2431
[  741716ms] [LOG] [Fast Refresh] rebuilding @ http://localhost:3000/_next/static/chunks/09xr_next_dist_0l6pyu~._.js:2431
[  745108ms] [LOG] [Fast Refresh] done in 3502ms @ http://localhost:3000/_next/static/chunks/09xr_next_dist_0l6pyu~._.js:2431
