[    1198ms] [INFO] %cDownload the React DevTools for a better development experience: https://react.dev/link/react-devtools font-weight:bold @ http://localhost:3000/_next/static/chunks/09xr_next_dist_0l6pyu~._.js:2431
[    1323ms] [LOG] [HMR] connected @ http://localhost:3000/_next/static/chunks/09xr_next_dist_0l6pyu~._.js:2431
[    1622ms] [LOG] [Fast Refresh] rebuilding @ http://localhost:3000/_next/static/chunks/09xr_next_dist_0l6pyu~._.js:2431
[    1749ms] [LOG] [Fast Refresh] done in 233ms @ http://localhost:3000/_next/static/chunks/09xr_next_dist_0l6pyu~._.js:2431
[   14756ms] [LOG] [Fast Refresh] rebuilding @ http://localhost:3000/_next/static/chunks/09xr_next_dist_0l6pyu~._.js:2431
[   15374ms] [LOG] [Fast Refresh] done in 730ms @ http://localhost:3000/_next/static/chunks/09xr_next_dist_0l6pyu~._.js:2431
[  269338ms] [LOG] [Fast Refresh] rebuilding @ http://localhost:3000/_next/static/chunks/09xr_next_dist_0l6pyu~._.js:2431
[  270198ms] [LOG] [Fast Refresh] done in 964ms @ http://localhost:3000/_next/static/chunks/09xr_next_dist_0l6pyu~._.js:2431
[  276251ms] [LOG] [Fast Refresh] rebuilding @ http://localhost:3000/_next/static/chunks/09xr_next_dist_0l6pyu~._.js:2431
[  276337ms] [LOG] [Fast Refresh] done in 191ms @ http://localhost:3000/_next/static/chunks/09xr_next_dist_0l6pyu~._.js:2431
[  456428ms] [LOG] [Fast Refresh] rebuilding @ http://localhost:3000/_next/static/chunks/09xr_next_dist_0l6pyu~._.js:2431
[  457472ms] [LOG] [Fast Refresh] done in 1148ms @ http://localhost:3000/_next/static/chunks/09xr_next_dist_0l6pyu~._.js:2431
[  457637ms] [LOG] [Fast Refresh] rebuilding @ http://localhost:3000/_next/static/chunks/09xr_next_dist_0l6pyu~._.js:2431
[  458930ms] [LOG] [Fast Refresh] done in 1397ms @ http://localhost:3000/_next/static/chunks/09xr_next_dist_0l6pyu~._.js:2431
[  459105ms] [LOG] [Fast Refresh] rebuilding @ http://localhost:3000/_next/static/chunks/09xr_next_dist_0l6pyu~._.js:2431
[  459200ms] [LOG] [Fast Refresh] done in 195ms @ http://localhost:3000/_next/static/chunks/09xr_next_dist_0l6pyu~._.js:2431
[  459513ms] ReferenceError: WaxSeal is not defined
    at <anonymous> (about://React/Server/C:%5CUsers%5Caunte%5CDesktop%5Cworkspace%5CGlocknerai%5Cprojects%5Cglockner-website%5C.next%5Cdev%5Cserver%5Cchunks%5Cssr%5C%5Broot-of-the-server%5D__0p34tqt._.js?342:2359:354)
    at Array.map (<anonymous>:1:18)
    at DigitalEcommercePage (about://React/Server/C:%5CUsers%5Caunte%5CDesktop%5Cworkspace%5CGlocknerai%5Cprojects%5Cglockner-website%5C.next%5Cdev%5Cserver%5Cchunks%5Cssr%5C%5Broot-of-the-server%5D__0p34tqt._.js?343:2328:35)
    at resolveErrorDev (http://localhost:3000/_next/static/chunks/09xr_next_dist_compiled_react-server-dom-turbopack_0n.lpbs._.js:1919:105)
    at processFullStringRow (http://localhost:3000/_next/static/chunks/09xr_next_dist_compiled_react-server-dom-turbopack_0n.lpbs._.js:2434:29)
    at processFullBinaryRow (http://localhost:3000/_next/static/chunks/09xr_next_dist_compiled_react-server-dom-turbopack_0n.lpbs._.js:2393:9)
    at processBinaryChunk (http://localhost:3000/_next/static/chunks/09xr_next_dist_compiled_react-server-dom-turbopack_0n.lpbs._.js:2502:221)
    at progress (http://localhost:3000/_next/static/chunks/09xr_next_dist_compiled_react-server-dom-turbopack_0n.lpbs._.js:2689:13)
[  597700ms] [LOG] [Fast Refresh] rebuilding @ http://localhost:3000/_next/static/chunks/09xr_next_dist_0l6pyu~._.js:2431
[  598262ms] [LOG] [Fast Refresh] done in 217ms @ http://localhost:3000/_next/static/chunks/09xr_next_dist_0l6pyu~._.js:2431
[  598400ms] [LOG] [Fast Refresh] rebuilding @ http://localhost:3000/_next/static/chunks/09xr_next_dist_0l6pyu~._.js:2431
[  601874ms] [LOG] [Fast Refresh] done in 3579ms @ http://localhost:3000/_next/static/chunks/09xr_next_dist_0l6pyu~._.js:2431
[  603943ms] [INFO] %cDownload the React DevTools for a better development experience: https://react.dev/link/react-devtools font-weight:bold @ http://localhost:3000/_next/static/chunks/09xr_next_dist_0l6pyu~._.js:2431
[  604046ms] [LOG] [HMR] connected @ http://localhost:3000/_next/static/chunks/09xr_next_dist_0l6pyu~._.js:2431
[  604459ms] [LOG] [Fast Refresh] rebuilding @ http://localhost:3000/_next/static/chunks/09xr_next_dist_0l6pyu~._.js:2431
[  604525ms] [LOG] [Fast Refresh] done in 169ms @ http://localhost:3000/_next/static/chunks/09xr_next_dist_0l6pyu~._.js:2431
[  604886ms] [LOG] [Fast Refresh] rebuilding @ http://localhost:3000/_next/static/chunks/09xr_next_dist_0l6pyu~._.js:2431
[  604951ms] [LOG] [Fast Refresh] done in 167ms @ http://localhost:3000/_next/static/chunks/09xr_next_dist_0l6pyu~._.js:2431
[  625348ms] [LOG] [Fast Refresh] rebuilding @ http://localhost:3000/_next/static/chunks/09xr_next_dist_0l6pyu~._.js:2431
[  625474ms] [LOG] [Fast Refresh] done in 201ms @ http://localhost:3000/_next/static/chunks/09xr_next_dist_0l6pyu~._.js:2431
[  625578ms] [LOG] [Fast Refresh] rebuilding @ http://localhost:3000/_next/static/chunks/09xr_next_dist_0l6pyu~._.js:2431
[  626222ms] [LOG] [Fast Refresh] done in 746ms @ http://localhost:3000/_next/static/chunks/09xr_next_dist_0l6pyu~._.js:2431
[  626336ms] [LOG] [Fast Refresh] rebuilding @ http://localhost:3000/_next/static/chunks/09xr_next_dist_0l6pyu~._.js:2431
[  626402ms] [LOG] [Fast Refresh] done in 167ms @ http://localhost:3000/_next/static/chunks/09xr_next_dist_0l6pyu~._.js:2431
[  660513ms] [LOG] [Fast Refresh] rebuilding @ http://localhost:3000/_next/static/chunks/09xr_next_dist_0l6pyu~._.js:2431
[  660571ms] [LOG] [Fast Refresh] done in 108ms @ http://localhost:3000/_next/static/chunks/09xr_next_dist_0l6pyu~._.js:2431
[  660678ms] [LOG] [Fast Refresh] rebuilding @ http://localhost:3000/_next/static/chunks/09xr_next_dist_0l6pyu~._.js:2431
[  661466ms] [LOG] [Fast Refresh] done in 893ms @ http://localhost:3000/_next/static/chunks/09xr_next_dist_0l6pyu~._.js:2431
[  661598ms] [LOG] [Fast Refresh] rebuilding @ http://localhost:3000/_next/static/chunks/09xr_next_dist_0l6pyu~._.js:2431
[  661646ms] [LOG] [Fast Refresh] done in 158ms @ http://localhost:3000/_next/static/chunks/09xr_next_dist_0l6pyu~._.js:2431
