[     125ms] [LOG] [Fast Refresh] rebuilding @ http://localhost:3000/_next/static/chunks/09xr_next_dist_0l6pyu~._.js:2431
[     719ms] [LOG] [Fast Refresh] done in 695ms @ http://localhost:3000/_next/static/chunks/09xr_next_dist_0l6pyu~._.js:2431
[     981ms] [INFO] %cDownload the React DevTools for a better development experience: https://react.dev/link/react-devtools font-weight:bold @ http://localhost:3000/_next/static/chunks/09xr_next_dist_0l6pyu~._.js:2431
[    1019ms] [LOG] [HMR] connected @ http://localhost:3000/_next/static/chunks/09xr_next_dist_0l6pyu~._.js:2431
[    4973ms] [LOG] [Fast Refresh] rebuilding @ http://localhost:3000/_next/static/chunks/09xr_next_dist_0l6pyu~._.js:2431
[    5238ms] [LOG] [Fast Refresh] done in 379ms @ http://localhost:3000/_next/static/chunks/09xr_next_dist_0l6pyu~._.js:2431
[   19703ms] [LOG] [Fast Refresh] rebuilding @ http://localhost:3000/_next/static/chunks/09xr_next_dist_0l6pyu~._.js:2431
[   19777ms] [LOG] [Fast Refresh] done in 163ms @ http://localhost:3000/_next/static/chunks/09xr_next_dist_0l6pyu~._.js:2431
[   19906ms] [LOG] [Fast Refresh] rebuilding @ http://localhost:3000/_next/static/chunks/09xr_next_dist_0l6pyu~._.js:2431
[   20177ms] [LOG] [Fast Refresh] done in 382ms @ http://localhost:3000/_next/static/chunks/09xr_next_dist_0l6pyu~._.js:2431
[   20432ms] [LOG] [Fast Refresh] rebuilding @ http://localhost:3000/_next/static/chunks/09xr_next_dist_0l6pyu~._.js:2431
[   20490ms] [LOG] [Fast Refresh] done in 162ms @ http://localhost:3000/_next/static/chunks/09xr_next_dist_0l6pyu~._.js:2431
[   21208ms] [LOG] [Fast Refresh] rebuilding @ http://localhost:3000/_next/static/chunks/09xr_next_dist_0l6pyu~._.js:2431
[   21268ms] [LOG] [Fast Refresh] done in 173ms @ http://localhost:3000/_next/static/chunks/09xr_next_dist_0l6pyu~._.js:2431
[   24269ms] [LOG] [Fast Refresh] rebuilding @ http://localhost:3000/_next/static/chunks/09xr_next_dist_0l6pyu~._.js:2431
[   24379ms] [LOG] [Fast Refresh] done in 193ms @ http://localhost:3000/_next/static/chunks/09xr_next_dist_0l6pyu~._.js:2431
[   24501ms] [LOG] [Fast Refresh] rebuilding @ http://localhost:3000/_next/static/chunks/09xr_next_dist_0l6pyu~._.js:2431
[   24794ms] [LOG] [Fast Refresh] done in 401ms @ http://localhost:3000/_next/static/chunks/09xr_next_dist_0l6pyu~._.js:2431
[   24939ms] [LOG] [Fast Refresh] rebuilding @ http://localhost:3000/_next/static/chunks/09xr_next_dist_0l6pyu~._.js:2431
[   25149ms] [LOG] [Fast Refresh] done in 315ms @ http://localhost:3000/_next/static/chunks/09xr_next_dist_0l6pyu~._.js:2431
[   26151ms] [LOG] [Fast Refresh] rebuilding @ http://localhost:3000/_next/static/chunks/09xr_next_dist_0l6pyu~._.js:2431
[   26664ms] [LOG] [Fast Refresh] done in 617ms @ http://localhost:3000/_next/static/chunks/09xr_next_dist_0l6pyu~._.js:2431
