[     239ms] [LOG] [Fast Refresh] rebuilding @ http://localhost:3000/_next/static/chunks/09xr_next_dist_0l6pyu~._.js:2431
[     563ms] [LOG] [Fast Refresh] done in 431ms @ http://localhost:3000/_next/static/chunks/09xr_next_dist_0l6pyu~._.js:2431
[     984ms] [INFO] %cDownload the React DevTools for a better development experience: https://react.dev/link/react-devtools font-weight:bold @ http://localhost:3000/_next/static/chunks/09xr_next_dist_0l6pyu~._.js:2431
[    1057ms] [LOG] [HMR] connected @ http://localhost:3000/_next/static/chunks/09xr_next_dist_0l6pyu~._.js:2431
[    1578ms] [LOG] [Fast Refresh] rebuilding @ http://localhost:3000/_next/static/chunks/09xr_next_dist_0l6pyu~._.js:2431
[    2136ms] [LOG] [Fast Refresh] done in 661ms @ http://localhost:3000/_next/static/chunks/09xr_next_dist_0l6pyu~._.js:2431
[   16983ms] [LOG] [Fast Refresh] rebuilding @ http://localhost:3000/_next/static/chunks/09xr_next_dist_0l6pyu~._.js:2431
[   17992ms] [LOG] [Fast Refresh] done in 1124ms @ http://localhost:3000/_next/static/chunks/09xr_next_dist_0l6pyu~._.js:2431
[   23803ms] [LOG] [Fast Refresh] rebuilding @ http://localhost:3000/_next/static/chunks/09xr_next_dist_0l6pyu~._.js:2431
[   24086ms] [LOG] [Fast Refresh] done in 386ms @ http://localhost:3000/_next/static/chunks/09xr_next_dist_0l6pyu~._.js:2431
[   24239ms] [LOG] [Fast Refresh] rebuilding @ http://localhost:3000/_next/static/chunks/09xr_next_dist_0l6pyu~._.js:2431
[   24377ms] [LOG] [Fast Refresh] done in 246ms @ http://localhost:3000/_next/static/chunks/09xr_next_dist_0l6pyu~._.js:2431
[   94891ms] [LOG] [Fast Refresh] rebuilding @ http://localhost:3000/_next/static/chunks/09xr_next_dist_0l6pyu~._.js:2431
[   95639ms] [LOG] [Fast Refresh] done in 853ms @ http://localhost:3000/_next/static/chunks/09xr_next_dist_0l6pyu~._.js:2431
[  247496ms] [LOG] [Fast Refresh] rebuilding @ http://localhost:3000/_next/static/chunks/09xr_next_dist_0l6pyu~._.js:2431
[  248946ms] [LOG] [Fast Refresh] done in 1527ms @ http://localhost:3000/_next/static/chunks/09xr_next_dist_0l6pyu~._.js:2431
[  263821ms] [LOG] [Fast Refresh] rebuilding @ http://localhost:3000/_next/static/chunks/09xr_next_dist_0l6pyu~._.js:2431
[  264485ms] [LOG] [Fast Refresh] done in 728ms @ http://localhost:3000/_next/static/chunks/09xr_next_dist_0l6pyu~._.js:2431
[  264731ms] [LOG] [Fast Refresh] rebuilding @ http://localhost:3000/_next/static/chunks/09xr_next_dist_0l6pyu~._.js:2431
[  270185ms] [LOG] [Fast Refresh] done in 5564ms @ http://localhost:3000/_next/static/chunks/09xr_next_dist_0l6pyu~._.js:2431
[  270341ms] [LOG] [Fast Refresh] rebuilding @ http://localhost:3000/_next/static/chunks/09xr_next_dist_0l6pyu~._.js:2431
[  270491ms] [LOG] [Fast Refresh] done in 265ms @ http://localhost:3000/_next/static/chunks/09xr_next_dist_0l6pyu~._.js:2431
[  270630ms] [LOG] [Fast Refresh] rebuilding @ http://localhost:3000/_next/static/chunks/09xr_next_dist_0l6pyu~._.js:2431
[  270663ms] [LOG] [Fast Refresh] done in 139ms @ http://localhost:3000/_next/static/chunks/09xr_next_dist_0l6pyu~._.js:2431
[  383763ms] [LOG] [HMR] connected @ http://localhost:3000/_next/static/chunks/09xr_next_dist_0l6pyu~._.js:2431
[  383950ms] [LOG] [Fast Refresh] rebuilding @ http://localhost:3000/_next/static/chunks/09xr_next_dist_0l6pyu~._.js:2431
[  384101ms] [LOG] [Fast Refresh] done in 254ms @ http://localhost:3000/_next/static/chunks/09xr_next_dist_0l6pyu~._.js:2431
[  386950ms] [LOG] [Fast Refresh] rebuilding @ http://localhost:3000/_next/static/chunks/09xr_next_dist_0l6pyu~._.js:2431
[  387036ms] [LOG] [Fast Refresh] done in 192ms @ http://localhost:3000/_next/static/chunks/09xr_next_dist_0l6pyu~._.js:2431
[  395853ms] [LOG] [Fast Refresh] rebuilding @ http://localhost:3000/_next/static/chunks/09xr_next_dist_0l6pyu~._.js:2431
[  396494ms] [LOG] [Fast Refresh] done in 741ms @ http://localhost:3000/_next/static/chunks/09xr_next_dist_0l6pyu~._.js:2431
[  397127ms] [LOG] [Fast Refresh] rebuilding @ http://localhost:3000/_next/static/chunks/09xr_next_dist_0l6pyu~._.js:2431
[  397178ms] [LOG] [Fast Refresh] done in 157ms @ http://localhost:3000/_next/static/chunks/09xr_next_dist_0l6pyu~._.js:2431
