[    3895ms] [LOG] [Fast Refresh] done in 12503ms @ http://localhost:3000/_next/static/chunks/09xr_next_dist_0l6pyu~._.js:2431
[    4100ms] [LOG] [Fast Refresh] rebuilding @ http://localhost:3000/_next/static/chunks/09xr_next_dist_0l6pyu~._.js:2431
[    4270ms] [LOG] [Fast Refresh] done in 281ms @ http://localhost:3000/_next/static/chunks/09xr_next_dist_0l6pyu~._.js:2431
[    5271ms] [LOG] [Fast Refresh] rebuilding @ http://localhost:3000/_next/static/chunks/09xr_next_dist_0l6pyu~._.js:2431
[    5337ms] [LOG] [Fast Refresh] done in 169ms @ http://localhost:3000/_next/static/chunks/09xr_next_dist_0l6pyu~._.js:2431
[    5487ms] [LOG] [Fast Refresh] rebuilding @ http://localhost:3000/_next/static/chunks/09xr_next_dist_0l6pyu~._.js:2431
[    5546ms] [LOG] [Fast Refresh] done in 164ms @ http://localhost:3000/_next/static/chunks/09xr_next_dist_0l6pyu~._.js:2431
[   14062ms] [LOG] [Fast Refresh] rebuilding @ http://localhost:3000/_next/static/chunks/09xr_next_dist_0l6pyu~._.js:2431
[   14988ms] [LOG] [Fast Refresh] done in 1038ms @ http://localhost:3000/_next/static/chunks/09xr_next_dist_0l6pyu~._.js:2431
[   94644ms] [LOG] [Fast Refresh] rebuilding @ http://localhost:3000/_next/static/chunks/09xr_next_dist_0l6pyu~._.js:2431
[   94917ms] [LOG] [Fast Refresh] done in 374ms @ http://localhost:3000/_next/static/chunks/09xr_next_dist_0l6pyu~._.js:2431
[  164491ms] [LOG] [Fast Refresh] rebuilding @ http://localhost:3000/_next/static/chunks/09xr_next_dist_0l6pyu~._.js:2431
[  164848ms] [LOG] [Fast Refresh] done in 464ms @ http://localhost:3000/_next/static/chunks/09xr_next_dist_0l6pyu~._.js:2431
[  173778ms] [LOG] [Fast Refresh] rebuilding @ http://localhost:3000/_next/static/chunks/09xr_next_dist_0l6pyu~._.js:2431
[  175840ms] [LOG] [Fast Refresh] done in 574ms @ http://localhost:3000/_next/static/chunks/09xr_next_dist_0l6pyu~._.js:2431
[  175972ms] [LOG] [Fast Refresh] rebuilding @ http://localhost:3000/_next/static/chunks/09xr_next_dist_0l6pyu~._.js:2431
[  176196ms] [LOG] [Fast Refresh] done in 325ms @ http://localhost:3000/_next/static/chunks/09xr_next_dist_0l6pyu~._.js:2431
[  212600ms] [LOG] [Fast Refresh] rebuilding @ http://localhost:3000/_next/static/chunks/09xr_next_dist_0l6pyu~._.js:2431
[  213278ms] [LOG] [Fast Refresh] done in 780ms @ http://localhost:3000/_next/static/chunks/09xr_next_dist_0l6pyu~._.js:2431
[  433707ms] [LOG] [Fast Refresh] rebuilding @ http://localhost:3000/_next/static/chunks/09xr_next_dist_0l6pyu~._.js:2431
[  434151ms] [LOG] [Fast Refresh] done in 552ms @ http://localhost:3000/_next/static/chunks/09xr_next_dist_0l6pyu~._.js:2431
[  437708ms] [LOG] [Fast Refresh] rebuilding @ http://localhost:3000/_next/static/chunks/09xr_next_dist_0l6pyu~._.js:2431
[  438968ms] [LOG] [Fast Refresh] done in 1369ms @ http://localhost:3000/_next/static/chunks/09xr_next_dist_0l6pyu~._.js:2431
[  483458ms] [LOG] [Fast Refresh] rebuilding @ http://localhost:3000/_next/static/chunks/09xr_next_dist_0l6pyu~._.js:2431
[  484255ms] [LOG] [Fast Refresh] done in 898ms @ http://localhost:3000/_next/static/chunks/09xr_next_dist_0l6pyu~._.js:2431
[  516405ms] [LOG] [Fast Refresh] rebuilding @ http://localhost:3000/_next/static/chunks/09xr_next_dist_0l6pyu~._.js:2431
[  516595ms] [LOG] [Fast Refresh] done in 293ms @ http://localhost:3000/_next/static/chunks/09xr_next_dist_0l6pyu~._.js:2431
[  632773ms] [LOG] [Fast Refresh] rebuilding @ http://localhost:3000/_next/static/chunks/09xr_next_dist_0l6pyu~._.js:2431
[  633183ms] [LOG] [Fast Refresh] done in 491ms @ http://localhost:3000/_next/static/chunks/09xr_next_dist_0l6pyu~._.js:2431
[  633408ms] [LOG] [Fast Refresh] rebuilding @ http://localhost:3000/_next/static/chunks/09xr_next_dist_0l6pyu~._.js:2431
[  635897ms] [LOG] [Fast Refresh] done in 2601ms @ http://localhost:3000/_next/static/chunks/09xr_next_dist_0l6pyu~._.js:2431
[  636008ms] [LOG] [Fast Refresh] rebuilding @ http://localhost:3000/_next/static/chunks/09xr_next_dist_0l6pyu~._.js:2431
[  636365ms] [LOG] [Fast Refresh] done in 465ms @ http://localhost:3000/_next/static/chunks/09xr_next_dist_0l6pyu~._.js:2431
[  636507ms] [LOG] [Fast Refresh] rebuilding @ http://localhost:3000/_next/static/chunks/09xr_next_dist_0l6pyu~._.js:2431
[  640878ms] [LOG] [Fast Refresh] done in 4484ms @ http://localhost:3000/_next/static/chunks/09xr_next_dist_0l6pyu~._.js:2431
[  647965ms] [LOG] [Fast Refresh] rebuilding @ http://localhost:3000/_next/static/chunks/09xr_next_dist_0l6pyu~._.js:2431
[  650054ms] [LOG] [Fast Refresh] done in 2185ms @ http://localhost:3000/_next/static/chunks/09xr_next_dist_0l6pyu~._.js:2431
[  650350ms] [LOG] [Fast Refresh] rebuilding @ http://localhost:3000/_next/static/chunks/09xr_next_dist_0l6pyu~._.js:2431
[  651809ms] [LOG] [Fast Refresh] done in 1559ms @ http://localhost:3000/_next/static/chunks/09xr_next_dist_0l6pyu~._.js:2431
[  651932ms] [LOG] [Fast Refresh] rebuilding @ http://localhost:3000/_next/static/chunks/09xr_next_dist_0l6pyu~._.js:2431
[  652118ms] [LOG] [Fast Refresh] done in 286ms @ http://localhost:3000/_next/static/chunks/09xr_next_dist_0l6pyu~._.js:2431
[  669055ms] [LOG] [Fast Refresh] rebuilding @ http://localhost:3000/_next/static/chunks/09xr_next_dist_0l6pyu~._.js:2431
[  670082ms] [LOG] [Fast Refresh] done in 1132ms @ http://localhost:3000/_next/static/chunks/09xr_next_dist_0l6pyu~._.js:2431
[  686569ms] [LOG] [Fast Refresh] rebuilding @ http://localhost:3000/_next/static/chunks/09xr_next_dist_0l6pyu~._.js:2431
[  687291ms] [LOG] [Fast Refresh] done in 831ms @ http://localhost:3000/_next/static/chunks/09xr_next_dist_0l6pyu~._.js:2431
[  774622ms] [LOG] [Fast Refresh] rebuilding @ http://localhost:3000/_next/static/chunks/09xr_next_dist_0l6pyu~._.js:2431
[  774675ms] [LOG] [Fast Refresh] done in 161ms @ http://localhost:3000/_next/static/chunks/09xr_next_dist_0l6pyu~._.js:2431
[  832782ms] [LOG] [Fast Refresh] rebuilding @ http://localhost:3000/_next/static/chunks/09xr_next_dist_0l6pyu~._.js:2431
[  833335ms] [LOG] [Fast Refresh] done in 662ms @ http://localhost:3000/_next/static/chunks/09xr_next_dist_0l6pyu~._.js:2431
[  848531ms] [LOG] [Fast Refresh] rebuilding @ http://localhost:3000/_next/static/chunks/09xr_next_dist_0l6pyu~._.js:2431
[  848736ms] [LOG] [Fast Refresh] done in 314ms @ http://localhost:3000/_next/static/chunks/09xr_next_dist_0l6pyu~._.js:2431
[  849264ms] [LOG] [Fast Refresh] rebuilding @ http://localhost:3000/_next/static/chunks/09xr_next_dist_0l6pyu~._.js:2431
[  849501ms] [LOG] [Fast Refresh] done in 340ms @ http://localhost:3000/_next/static/chunks/09xr_next_dist_0l6pyu~._.js:2431
[  854690ms] [LOG] [Fast Refresh] rebuilding @ http://localhost:3000/_next/static/chunks/09xr_next_dist_0l6pyu~._.js:2431
[  855433ms] [LOG] [Fast Refresh] done in 855ms @ http://localhost:3000/_next/static/chunks/09xr_next_dist_0l6pyu~._.js:2431
[  870824ms] [LOG] [Fast Refresh] rebuilding @ http://localhost:3000/_next/static/chunks/09xr_next_dist_0l6pyu~._.js:2431
[  871669ms] [LOG] [Fast Refresh] done in 826ms @ http://localhost:3000/_next/static/chunks/09xr_next_dist_0l6pyu~._.js:2431
[  871781ms] [LOG] [Fast Refresh] rebuilding @ http://localhost:3000/_next/static/chunks/09xr_next_dist_0l6pyu~._.js:2431
[  873935ms] [LOG] [Fast Refresh] done in 2259ms @ http://localhost:3000/_next/static/chunks/09xr_next_dist_0l6pyu~._.js:2431
[  874256ms] [LOG] [Fast Refresh] rebuilding @ http://localhost:3000/_next/static/chunks/09xr_next_dist_0l6pyu~._.js:2431
[  875460ms] [LOG] [Fast Refresh] done in 1313ms @ http://localhost:3000/_next/static/chunks/09xr_next_dist_0l6pyu~._.js:2431
[  875664ms] [LOG] [Fast Refresh] rebuilding @ http://localhost:3000/_next/static/chunks/09xr_next_dist_0l6pyu~._.js:2431
[  876306ms] [LOG] [Fast Refresh] done in 746ms @ http://localhost:3000/_next/static/chunks/09xr_next_dist_0l6pyu~._.js:2431
